<?xml version="1.0" encoding="UTF-8"?>
<testsuite name="com.bridgelabz.pompages.LoginPages" tests="2" skipped="0" failures="0" errors="0" timestamp="2020-01-15T09:54:27" hostname="FH400" time="48.599">
  <properties/>
  <testcase name="getDataFromExcelFile[0](Deepali, Kalagate)" classname="com.bridgelabz.pompages.LoginPages" time="22.072"/>
  <testcase name="getDataFromExcelFile[1](9764324126, Psraut@123)" classname="com.bridgelabz.pompages.LoginPages" time="21.324"/>
  <system-out><![CDATA[Log in to Facebook | Facebook(7) Facebook]]></system-out>
  <system-err><![CDATA[Starting ChromeDriver 78.0.3904.105 (60e2d8774a8151efa6a00b1f358371b1e0e07ee2-refs/branch-heads/3904@{#877}) on port 20710
Only local connections are allowed.
Please protect ports used by ChromeDriver and related test frameworks to prevent access by malicious code.
Jan 15, 2020 3:24:20 PM org.openqa.selenium.remote.ProtocolHandshake createSession
INFO: Detected dialect: W3C
Starting ChromeDriver 78.0.3904.105 (60e2d8774a8151efa6a00b1f358371b1e0e07ee2-refs/branch-heads/3904@{#877}) on port 29819
Only local connections are allowed.
Please protect ports used by ChromeDriver and related test frameworks to prevent access by malicious code.
Jan 15, 2020 3:24:51 PM org.openqa.selenium.remote.ProtocolHandshake createSession
INFO: Detected dialect: W3C
]]></system-err>
</testsuite>
